{"D:\\Cursos de Programação\\JavaScript-Cookbook-3nd-Edition\\Capítulo_10_Erros_e_Testes\\Escrevendo Unit Testes Para Seu Codigo\\fatoracao.js": {"path":"D:\\Cursos de Programação\\JavaScript-Cookbook-3nd-Edition\\Capítulo_10_Erros_e_Testes\\Escrevendo Unit Testes Para Seu Codigo\\fatoracao.js","statementMap":{"0":{"start":{"line":2,"column":4},"end":{"line":19,"column":5}},"1":{"start":{"line":3,"column":8},"end":{"line":5,"column":10}},"2":{"start":{"line":6,"column":11},"end":{"line":19,"column":5}},"3":{"start":{"line":7,"column":8},"end":{"line":7,"column":77}},"4":{"start":{"line":9,"column":8},"end":{"line":18,"column":9}},"5":{"start":{"line":10,"column":12},"end":{"line":10,"column":21}},"6":{"start":{"line":12,"column":28},"end":{"line":12,"column":34}},"7":{"start":{"line":13,"column":12},"end":{"line":16,"column":13}},"8":{"start":{"line":14,"column":16},"end":{"line":14,"column":25}},"9":{"start":{"line":15,"column":16},"end":{"line":15,"column":36}},"10":{"start":{"line":17,"column":12},"end":{"line":17,"column":29}},"11":{"start":{"line":22,"column":0},"end":{"line":22,"column":29}}},"fnMap":{"0":{"name":"fatorar","decl":{"start":{"line":1,"column":9},"end":{"line":1,"column":16}},"loc":{"start":{"line":1,"column":25},"end":{"line":20,"column":1}},"line":1}},"branchMap":{"0":{"loc":{"start":{"line":2,"column":4},"end":{"line":19,"column":5}},"type":"if","locations":[{"start":{"line":2,"column":4},"end":{"line":19,"column":5}},{"start":{"line":6,"column":11},"end":{"line":19,"column":5}}],"line":2},"1":{"loc":{"start":{"line":6,"column":11},"end":{"line":19,"column":5}},"type":"if","locations":[{"start":{"line":6,"column":11},"end":{"line":19,"column":5}},{"start":{"line":8,"column":11},"end":{"line":19,"column":5}}],"line":6},"2":{"loc":{"start":{"line":9,"column":8},"end":{"line":18,"column":9}},"type":"if","locations":[{"start":{"line":9,"column":8},"end":{"line":18,"column":9}},{"start":{"line":11,"column":15},"end":{"line":18,"column":9}}],"line":9},"3":{"loc":{"start":{"line":9,"column":12},"end":{"line":9,"column":40}},"type":"binary-expr","locations":[{"start":{"line":9,"column":12},"end":{"line":9,"column":24}},{"start":{"line":9,"column":28},"end":{"line":9,"column":40}}],"line":9}},"s":{"0":6,"1":0,"2":6,"3":1,"4":5,"5":2,"6":3,"7":3,"8":22,"9":22,"10":3,"11":1},"f":{"0":6},"b":{"0":[0,6],"1":[1,5],"2":[2,3],"3":[5,4]},"_coverageSchema":"1a1c01bbd47fc00a2c39e90264f33305004495a9","hash":"51c5fc6c7eefb25c40aa60f22fbb1c8678d407bb"}
}
